#
# A fatal error has been detected by the Java Runtime Environment:
#
#  EXCEPTION_ACCESS_VIOLATION (0xc0000005) at pc=0x0000000053ee9575, pid=8908, tid=0x0000000000001db0
#
# JRE version: Java(TM) SE Runtime Environment (8.0_92-b14) (build 1.8.0_92-b14)
# Java VM: Java HotSpot(TM) 64-Bit Server VM (25.92-b14 mixed mode windows-amd64 compressed oops)
# Problematic frame:
# V  [jvm.dll+0x129575]
#
# Failed to write core dump. Minidumps are not enabled by default on client versions of Windows
#
# If you would like to submit a bug report, please visit:
#   http://bugreport.java.com/bugreport/crash.jsp
#

---------------  T H R E A D  ---------------

Current thread (0x000000001733c800):  JavaThread "JDWP Transport Listener: dt_socket" daemon [_thread_in_vm, id=7600, stack(0x00000000181e0000,0x00000000182e0000)]

siginfo: ExceptionCode=0xc0000005, reading address 0xffffffffffffffff

Registers:
RAX=0x00000000182df701, RBX=0x000000001733c800, RCX=0x6665522f7463656c, RDX=0x0000000000000000
RSP=0x00000000182df6e0, RBP=0x6665522f7463656c, RSI=0x00000000182df7f8, RDI=0x0000000000278c80
R8 =0x000000001733c800, R9 =0x000000ffffffffff, R10=0x0000000001d98530, R11=0x000000001a4354a0
R12=0x0000000000000000, R13=0x0000000017343278, R14=0x0000000000000000, R15=0x0000000000000000
RIP=0x0000000053ee9575, EFLAGS=0x0000000000010206

Top of Stack: (sp=0x00000000182df6e0)
0x00000000182df6e0:   000000001733c800 000000001733c800
0x00000000182df6f0:   00000000182df7a8 00000000540efbab
0x00000000182df700:   000000001733c800 000000005410c40d
0x00000000182df710:   0000000000000000 000000006b659155
0x00000000182df720:   000000001a2236f0 000000006b66291e
0x00000000182df730:   000000001733c800 0000000000000000
0x00000000182df740:   0000000000000000 0000000000000000
0x00000000182df750:   6665522f7463656c 000000006b661a15
0x00000000182df760:   00000000182df7f8 00000000182df7d0
0x00000000182df770:   0000000000000001 000000001a2236f0
0x00000000182df780:   6665522f7463656c 000000006b6453b3
0x00000000182df790:   00000000182df8c0 0000000000000001
0x00000000182df7a0:   0000000000000001 000000001a2236f0
0x00000000182df7b0:   0000000000000001 0000000000000000
0x00000000182df7c0:   0000000000000000 0000000000000000
0x00000000182df7d0:   0000000000000001 000000006b645571 

Instructions: (pc=0x0000000053ee9575)
0x0000000053ee9555:   cc cc cc cc cc cc cc cc cc cc cc 48 83 ec 28 48
0x0000000053ee9565:   85 c9 75 07 33 c0 48 83 c4 28 c3 48 89 5c 24 20
0x0000000053ee9575:   48 8b 19 48 85 db 74 20 48 83 fb 37 74 1a 48 8b
0x0000000053ee9585:   13 48 8b cb ff 52 10 84 c0 74 0d 48 8b c3 48 8b 


Register to memory mapping:

RAX=0x00000000182df701 is pointing into the stack for thread: 0x000000001733c800
RBX=0x000000001733c800 is a thread
RCX=0x6665522f7463656c is an unknown value
RDX=0x0000000000000000 is an unknown value
RSP=0x00000000182df6e0 is pointing into the stack for thread: 0x000000001733c800
RBP=0x6665522f7463656c is an unknown value
RSI=0x00000000182df7f8 is pointing into the stack for thread: 0x000000001733c800
RDI=0x0000000000278c80 is an unknown value
R8 =0x000000001733c800 is a thread
R9 =0x000000ffffffffff is an unknown value
R10=0x0000000001d98530 is an unknown value
R11=0x000000001a4354a0 is an unknown value
R12=0x0000000000000000 is an unknown value
R13=0x0000000017343278 is an unknown value
R14=0x0000000000000000 is an unknown value
R15=0x0000000000000000 is an unknown value


Stack: [0x00000000181e0000,0x00000000182e0000],  sp=0x00000000182df6e0,  free space=1021k
Native frames: (J=compiled Java code, j=interpreted, Vv=VM code, C=native code)
V  [jvm.dll+0x129575]
V  [jvm.dll+0x34c40d]
C  [jdwp.dll+0x21a15]
C  [jdwp.dll+0x53b3]
C  [jdwp.dll+0x5571]
C  [jdwp.dll+0xf0a8]
C  [jdwp.dll+0x1f2d5]
C  [jdwp.dll+0x1f4aa]
V  [jvm.dll+0x1bc3e8]
V  [jvm.dll+0x244314]
V  [jvm.dll+0x29b34a]
C  [msvcr100.dll+0x21d9f]
C  [msvcr100.dll+0x21e3b]
C  [kernel32.dll+0x159cd]
C  [ntdll.dll+0x2a2e1]


---------------  P R O C E S S  ---------------

Java Threads: ( => current thread )
  0x00000000173c0000 JavaThread "http-nio-8080-exec-9" daemon [_thread_blocked, id=7464, stack(0x0000000023630000,0x0000000023730000)]
  0x00000000173bf800 JavaThread "http-nio-8080-exec-8" daemon [_thread_blocked, id=7596, stack(0x0000000020240000,0x0000000020340000)]
  0x00000000173be800 JavaThread "http-nio-8080-exec-7" daemon [_thread_blocked, id=8596, stack(0x0000000023740000,0x0000000023840000)]
  0x00000000173be000 JavaThread "http-nio-8080-exec-6" daemon [_thread_blocked, id=6820, stack(0x0000000022e10000,0x0000000022f10000)]
  0x00000000173bd000 JavaThread "http-nio-8080-exec-5" daemon [_thread_blocked, id=2500, stack(0x0000000022f40000,0x0000000023040000)]
  0x00000000173bc800 JavaThread "http-nio-8080-exec-4" daemon [_thread_blocked, id=7824, stack(0x0000000019640000,0x0000000019740000)]
  0x00000000173bb800 JavaThread "http-nio-8080-exec-3" daemon [_thread_blocked, id=8768, stack(0x0000000021620000,0x0000000021720000)]
  0x00000000173bb000 JavaThread "http-nio-8080-exec-2" daemon [_thread_blocked, id=9152, stack(0x00000000232b0000,0x00000000233b0000)]
  0x00000000173ba000 JavaThread "http-nio-8080-exec-1" daemon [_thread_blocked, id=9112, stack(0x0000000020340000,0x0000000020440000)]
  0x00000000173b9800 JavaThread "DestroyJavaVM" [_thread_blocked, id=4072, stack(0x0000000001f00000,0x0000000002000000)]
  0x00000000173b8800 JavaThread "http-nio-8080-AsyncTimeout" daemon [_thread_blocked, id=8256, stack(0x0000000022ba0000,0x0000000022ca0000)]
  0x00000000173b8000 JavaThread "http-nio-8080-Acceptor-0" daemon [_thread_in_native, id=8280, stack(0x0000000021760000,0x0000000021860000)]
  0x00000000173b7000 JavaThread "http-nio-8080-ClientPoller-1" daemon [_thread_in_native, id=9060, stack(0x0000000020450000,0x0000000020550000)]
  0x00000000173b6800 JavaThread "http-nio-8080-ClientPoller-0" daemon [_thread_in_native, id=4564, stack(0x0000000020100000,0x0000000020200000)]
  0x00000000173b5800 JavaThread "NioBlockingSelector.BlockPoller-1" daemon [_thread_in_native, id=2116, stack(0x000000001e950000,0x000000001ea50000)]
  0x000000001dc15800 JavaThread "container-0" [_thread_blocked, id=7340, stack(0x000000001aa50000,0x000000001ab50000)]
  0x0000000018a59800 JavaThread "ContainerBackgroundProcessor[StandardEngine[Tomcat]]" daemon [_thread_blocked, id=5620, stack(0x000000001ea80000,0x000000001eb80000)]
  0x0000000018ba3000 JavaThread "RMI TCP Accept-0" daemon [_thread_in_native, id=9020, stack(0x0000000019490000,0x0000000019590000)]
  0x0000000018cc3800 JavaThread "RMI TCP Accept-4195" daemon [_thread_in_native, id=9136, stack(0x0000000019240000,0x0000000019340000)]
  0x0000000018cc1800 JavaThread "RMI TCP Accept-0" daemon [_thread_in_native, id=8588, stack(0x0000000019390000,0x0000000019490000)]
  0x00000000173c5000 JavaThread "Service Thread" daemon [_thread_blocked, id=8672, stack(0x0000000018760000,0x0000000018860000)]
  0x00000000173b3800 JavaThread "C1 CompilerThread2" daemon [_thread_blocked, id=7256, stack(0x00000000188e0000,0x00000000189e0000)]
  0x00000000173b2800 JavaThread "C2 CompilerThread1" daemon [_thread_blocked, id=6936, stack(0x0000000017fc0000,0x00000000180c0000)]
  0x0000000017357800 JavaThread "C2 CompilerThread0" daemon [_thread_blocked, id=9160, stack(0x0000000018600000,0x0000000018700000)]
  0x0000000017355800 JavaThread "JDWP Command Reader" daemon [_thread_in_native, id=8904, stack(0x0000000018430000,0x0000000018530000)]
  0x0000000017347000 JavaThread "JDWP Event Helper Thread" daemon [_thread_blocked, id=9068, stack(0x00000000182f0000,0x00000000183f0000)]
=>0x000000001733c800 JavaThread "JDWP Transport Listener: dt_socket" daemon [_thread_in_vm, id=7600, stack(0x00000000181e0000,0x00000000182e0000)]
  0x0000000017333000 JavaThread "Attach Listener" daemon [_thread_blocked, id=8496, stack(0x0000000017990000,0x0000000017a90000)]
  0x0000000017332800 JavaThread "Signal Dispatcher" daemon [_thread_blocked, id=8756, stack(0x0000000017780000,0x0000000017880000)]
  0x0000000015ff4800 JavaThread "Finalizer" daemon [_thread_blocked, id=7900, stack(0x0000000017230000,0x0000000017330000)]
  0x0000000015fad000 JavaThread "Reference Handler" daemon [_thread_blocked, id=8284, stack(0x0000000016e40000,0x0000000016f40000)]

Other Threads:
  0x0000000015fa2000 VMThread [stack: 0x0000000016f50000,0x0000000017050000] [id=8720]
  0x0000000018ba5000 WatcherThread [stack: 0x0000000019780000,0x0000000019880000] [id=8736]

VM state:not at safepoint (normal execution)

VM Mutex/Monitor currently owned by a thread: None

Heap:
 PSYoungGen      total 132096K, used 26160K [0x00000000e0180000, 0x00000000e9300000, 0x0000000100000000)
  eden space 120832K, 21% used [0x00000000e0180000,0x00000000e1b0c0d0,0x00000000e7780000)
  from space 11264K, 0% used [0x00000000e8800000,0x00000000e8800000,0x00000000e9300000)
  to   space 13824K, 0% used [0x00000000e7800000,0x00000000e7800000,0x00000000e8580000)
 ParOldGen       total 78336K, used 18932K [0x00000000a0400000, 0x00000000a5080000, 0x00000000e0180000)
  object space 78336K, 24% used [0x00000000a0400000,0x00000000a167d218,0x00000000a5080000)
 Metaspace       used 37229K, capacity 37621K, committed 38016K, reserved 1083392K
  class space    used 4557K, capacity 4681K, committed 4736K, reserved 1048576K

Card table byte_map: [0x0000000011740000,0x0000000011a40000] byte_map_base: 0x000000001123e000

Marking Bits: (ParMarkBitMap*) 0x00000000545d64f0
 Begin Bits: [0x0000000012330000, 0x0000000013b20000)
 End Bits:   [0x0000000013b20000, 0x0000000015310000)

Polling page: 0x0000000000200000

CodeCache: size=245760Kb used=12970Kb max_used=13305Kb free=232789Kb
 bounds [0x0000000002380000, 0x00000000030e0000, 0x0000000011380000]
 total_blobs=3756 nmethods=3081 adapters=594
 compilation: enabled

Compilation events (10 events):
Event: 104.647 Thread 0x00000000173b3800 3608       1       org.springframework.expression.TypedValue::getValue (5 bytes)
Event: 104.648 Thread 0x00000000173b3800 nmethod 3608 0x0000000002a4b4d0 code [0x0000000002a4b620, 0x0000000002a4b730]
Event: 104.648 Thread 0x00000000173b3800 3611       1       java.nio.channels.spi.AbstractInterruptibleChannel::isOpen (5 bytes)
Event: 104.648 Thread 0x00000000173b3800 nmethod 3611 0x0000000002a58a10 code [0x0000000002a58b60, 0x0000000002a58c70]
Event: 110.417 Thread 0x00000000173b3800 3613       1       org.apache.tomcat.util.net.AbstractEndpoint::isPaused (5 bytes)
Event: 110.417 Thread 0x00000000173b3800 nmethod 3613 0x0000000002bd72d0 code [0x0000000002bd7420, 0x0000000002bd7530]
Event: 127.654 Thread 0x00000000173b3800 3614       3       java.util.concurrent.atomic.AtomicInteger::set (6 bytes)
Event: 127.654 Thread 0x00000000173b3800 nmethod 3614 0x0000000002b76c50 code [0x0000000002b76da0, 0x0000000002b76ef0]
Event: 128.061 Thread 0x00000000173b2800 3615       4       java.util.TreeMap::put (247 bytes)
Event: 128.087 Thread 0x00000000173b2800 nmethod 3615 0x0000000002ad31d0 code [0x0000000002ad3380, 0x0000000002ad44e8]

GC Heap History (10 events):
Event: 5.367 GC heap before
{Heap before GC invocations=6 (full 1):
 PSYoungGen      total 53248K, used 49152K [0x00000000e0180000, 0x00000000e3980000, 0x0000000100000000)
  eden space 49152K, 100% used [0x00000000e0180000,0x00000000e3180000,0x00000000e3180000)
  from space 4096K, 0% used [0x00000000e3580000,0x00000000e3580000,0x00000000e3980000)
  to   space 4096K, 0% used [0x00000000e3180000,0x00000000e3180000,0x00000000e3580000)
 ParOldGen       total 55296K, used 10879K [0x00000000a0400000, 0x00000000a3a00000, 0x00000000e0180000)
  object space 55296K, 19% used [0x00000000a0400000,0x00000000a0e9ff88,0x00000000a3a00000)
 Metaspace       used 24768K, capacity 25062K, committed 25216K, reserved 1071104K
  class space    used 3031K, capacity 3127K, committed 3200K, reserved 1048576K
Event: 5.537 GC heap after
Heap after GC invocations=6 (full 1):
 PSYoungGen      total 53248K, used 4093K [0x00000000e0180000, 0x00000000e6400000, 0x0000000100000000)
  eden space 49152K, 0% used [0x00000000e0180000,0x00000000e0180000,0x00000000e3180000)
  from space 4096K, 99% used [0x00000000e3180000,0x00000000e357f728,0x00000000e3580000)
  to   space 10752K, 0% used [0x00000000e5980000,0x00000000e5980000,0x00000000e6400000)
 ParOldGen       total 55296K, used 11495K [0x00000000a0400000, 0x00000000a3a00000, 0x00000000e0180000)
  object space 55296K, 20% used [0x00000000a0400000,0x00000000a0f39c88,0x00000000a3a00000)
 Metaspace       used 24768K, capacity 25062K, committed 25216K, reserved 1071104K
  class space    used 3031K, capacity 3127K, committed 3200K, reserved 1048576K
}
Event: 7.482 GC heap before
{Heap before GC invocations=7 (full 1):
 PSYoungGen      total 53248K, used 53245K [0x00000000e0180000, 0x00000000e6400000, 0x0000000100000000)
  eden space 49152K, 100% used [0x00000000e0180000,0x00000000e3180000,0x00000000e3180000)
  from space 4096K, 99% used [0x00000000e3180000,0x00000000e357f728,0x00000000e3580000)
  to   space 10752K, 0% used [0x00000000e5980000,0x00000000e5980000,0x00000000e6400000)
 ParOldGen       total 55296K, used 11495K [0x00000000a0400000, 0x00000000a3a00000, 0x00000000e0180000)
  object space 55296K, 20% used [0x00000000a0400000,0x00000000a0f39c88,0x00000000a3a00000)
 Metaspace       used 28499K, capacity 28780K, committed 28928K, reserved 1075200K
  class space    used 3482K, capacity 3576K, committed 3584K, reserved 1048576K
Event: 7.606 GC heap after
Heap after GC invocations=7 (full 1):
 PSYoungGen      total 90112K, used 7998K [0x00000000e0180000, 0x00000000e6500000, 0x0000000100000000)
  eden space 79360K, 0% used [0x00000000e0180000,0x00000000e0180000,0x00000000e4f00000)
  from space 10752K, 74% used [0x00000000e5980000,0x00000000e614fbd8,0x00000000e6400000)
  to   space 10752K, 0% used [0x00000000e4f00000,0x00000000e4f00000,0x00000000e5980000)
 ParOldGen       total 55296K, used 11495K [0x00000000a0400000, 0x00000000a3a00000, 0x00000000e0180000)
  object space 55296K, 20% used [0x00000000a0400000,0x00000000a0f39c88,0x00000000a3a00000)
 Metaspace       used 28499K, capacity 28780K, committed 28928K, reserved 1075200K
  class space    used 3482K, capacity 3576K, committed 3584K, reserved 1048576K
}
Event: 10.644 GC heap before
{Heap before GC invocations=8 (full 1):
 PSYoungGen      total 90112K, used 87358K [0x00000000e0180000, 0x00000000e6500000, 0x0000000100000000)
  eden space 79360K, 100% used [0x00000000e0180000,0x00000000e4f00000,0x00000000e4f00000)
  from space 10752K, 74% used [0x00000000e5980000,0x00000000e614fbd8,0x00000000e6400000)
  to   space 10752K, 0% used [0x00000000e4f00000,0x00000000e4f00000,0x00000000e5980000)
 ParOldGen       total 55296K, used 11495K [0x00000000a0400000, 0x00000000a3a00000, 0x00000000e0180000)
  object space 55296K, 20% used [0x00000000a0400000,0x00000000a0f39c88,0x00000000a3a00000)
 Metaspace       used 32288K, capacity 32622K, committed 33024K, reserved 1079296K
  class space    used 3900K, capacity 4018K, committed 4096K, reserved 1048576K
Event: 10.669 GC heap after
Heap after GC invocations=8 (full 1):
 PSYoungGen      total 90112K, used 10734K [0x00000000e0180000, 0x00000000e9480000, 0x0000000100000000)
  eden space 79360K, 0% used [0x00000000e0180000,0x00000000e0180000,0x00000000e4f00000)
  from space 10752K, 99% used [0x00000000e4f00000,0x00000000e597bb28,0x00000000e5980000)
  to   space 12800K, 0% used [0x00000000e8800000,0x00000000e8800000,0x00000000e9480000)
 ParOldGen       total 55296K, used 12982K [0x00000000a0400000, 0x00000000a3a00000, 0x00000000e0180000)
  object space 55296K, 23% used [0x00000000a0400000,0x00000000a10ad920,0x00000000a3a00000)
 Metaspace       used 32288K, capacity 32622K, committed 33024K, reserved 1079296K
  class space    used 3900K, capacity 4018K, committed 4096K, reserved 1048576K
}
Event: 16.883 GC heap before
{Heap before GC invocations=9 (full 1):
 PSYoungGen      total 90112K, used 54341K [0x00000000e0180000, 0x00000000e9480000, 0x0000000100000000)
  eden space 79360K, 54% used [0x00000000e0180000,0x00000000e2c15938,0x00000000e4f00000)
  from space 10752K, 99% used [0x00000000e4f00000,0x00000000e597bb28,0x00000000e5980000)
  to   space 12800K, 0% used [0x00000000e8800000,0x00000000e8800000,0x00000000e9480000)
 ParOldGen       total 55296K, used 12982K [0x00000000a0400000, 0x00000000a3a00000, 0x00000000e0180000)
  object space 55296K, 23% used [0x00000000a0400000,0x00000000a10ad920,0x00000000a3a00000)
 Metaspace       used 34797K, capacity 35161K, committed 35496K, reserved 1081344K
  class space    used 4230K, capacity 4352K, committed 4352K, reserved 1048576K
Event: 16.952 GC heap after
Heap after GC invocations=9 (full 1):
 PSYoungGen      total 132096K, used 10906K [0x00000000e0180000, 0x00000000e9300000, 0x0000000100000000)
  eden space 120832K, 0% used [0x00000000e0180000,0x00000000e0180000,0x00000000e7780000)
  from space 11264K, 96% used [0x00000000e8800000,0x00000000e92a6ae8,0x00000000e9300000)
  to   space 13824K, 0% used [0x00000000e7800000,0x00000000e7800000,0x00000000e8580000)
 ParOldGen       total 55296K, used 12990K [0x00000000a0400000, 0x00000000a3a00000, 0x00000000e0180000)
  object space 55296K, 23% used [0x00000000a0400000,0x00000000a10af920,0x00000000a3a00000)
 Metaspace       used 34797K, capacity 35161K, committed 35496K, reserved 1081344K
  class space    used 4230K, capacity 4352K, committed 4352K, reserved 1048576K
}
Event: 16.953 GC heap before
{Heap before GC invocations=10 (full 2):
 PSYoungGen      total 132096K, used 10906K [0x00000000e0180000, 0x00000000e9300000, 0x0000000100000000)
  eden space 120832K, 0% used [0x00000000e0180000,0x00000000e0180000,0x00000000e7780000)
  from space 11264K, 96% used [0x00000000e8800000,0x00000000e92a6ae8,0x00000000e9300000)
  to   space 13824K, 0% used [0x00000000e7800000,0x00000000e7800000,0x00000000e8580000)
 ParOldGen       total 55296K, used 12990K [0x00000000a0400000, 0x00000000a3a00000, 0x00000000e0180000)
  object space 55296K, 23% used [0x00000000a0400000,0x00000000a10af920,0x00000000a3a00000)
 Metaspace       used 34797K, capacity 35161K, committed 35496K, reserved 1081344K
  class space    used 4230K, capacity 4352K, committed 4352K, reserved 1048576K
Event: 17.152 GC heap after
Heap after GC invocations=10 (full 2):
 PSYoungGen      total 132096K, used 0K [0x00000000e0180000, 0x00000000e9300000, 0x0000000100000000)
  eden space 120832K, 0% used [0x00000000e0180000,0x00000000e0180000,0x00000000e7780000)
  from space 11264K, 0% used [0x00000000e8800000,0x00000000e8800000,0x00000000e9300000)
  to   space 13824K, 0% used [0x00000000e7800000,0x00000000e7800000,0x00000000e8580000)
 ParOldGen       total 78336K, used 18932K [0x00000000a0400000, 0x00000000a5080000, 0x00000000e0180000)
  object space 78336K, 24% used [0x00000000a0400000,0x00000000a167d218,0x00000000a5080000)
 Metaspace       used 34797K, capacity 35161K, committed 35496K, reserved 1081344K
  class space    used 4230K, capacity 4352K, committed 4352K, reserved 1048576K
}

Deoptimization events (10 events):
Event: 32.294 Thread 0x00000000173be000 Uncommon trap: reason=unhandled action=none pc=0x0000000002f7126c method=java.net.URLClassLoader.findClass(Ljava/lang/String;)Ljava/lang/Class; @ 44
Event: 32.295 Thread 0x00000000173be000 Uncommon trap: reason=unhandled action=none pc=0x0000000002f7126c method=java.net.URLClassLoader.findClass(Ljava/lang/String;)Ljava/lang/Class; @ 44
Event: 32.296 Thread 0x00000000173be000 Uncommon trap: reason=unhandled action=none pc=0x0000000002f7126c method=java.net.URLClassLoader.findClass(Ljava/lang/String;)Ljava/lang/Class; @ 44
Event: 32.297 Thread 0x00000000173be000 Uncommon trap: reason=unhandled action=none pc=0x0000000002f7126c method=java.net.URLClassLoader.findClass(Ljava/lang/String;)Ljava/lang/Class; @ 44
Event: 32.298 Thread 0x00000000173be000 Uncommon trap: reason=unhandled action=none pc=0x0000000002f7126c method=java.net.URLClassLoader.findClass(Ljava/lang/String;)Ljava/lang/Class; @ 44
Event: 32.302 Thread 0x00000000173be000 Uncommon trap: reason=unhandled action=none pc=0x0000000002f7126c method=java.net.URLClassLoader.findClass(Ljava/lang/String;)Ljava/lang/Class; @ 44
Event: 32.304 Thread 0x00000000173be000 Uncommon trap: reason=unhandled action=none pc=0x0000000002f7126c method=java.net.URLClassLoader.findClass(Ljava/lang/String;)Ljava/lang/Class; @ 44
Event: 38.052 Thread 0x0000000018a59800 Uncommon trap: reason=unhandled action=none pc=0x0000000002f7126c method=java.net.URLClassLoader.findClass(Ljava/lang/String;)Ljava/lang/Class; @ 44
Event: 38.052 Thread 0x0000000018a59800 Uncommon trap: reason=unhandled action=none pc=0x0000000002f7126c method=java.net.URLClassLoader.findClass(Ljava/lang/String;)Ljava/lang/Class; @ 44
Event: 58.313 Thread 0x00000000173be800 Uncommon trap: reason=bimorphic action=maybe_recompile pc=0x00000000026cdf00 method=java.util.AbstractList$Itr.next()Ljava/lang/Object; @ 14

Internal exceptions (10 events):
Event: 17.186 Thread 0x00000000173ba000 Exception <a 'java/lang/ClassNotFoundException': org/thymeleaf/spring4/view/ThymeleafViewCustomizer> (0x00000000e02729b8) thrown at [D:\re\workspace\8-2-build-windows-amd64-cygwin\jdk8u92\6642\hotspot\src\share\vm\classfile\systemDictionary.cpp, line 210]
Event: 17.186 Thread 0x00000000173ba000 Exception <a 'java/lang/ArrayIndexOutOfBoundsException': 118> (0x00000000e0275378) thrown at [D:\re\workspace\8-2-build-windows-amd64-cygwin\jdk8u92\6642\hotspot\src\share\vm\interpreter\interpreterRuntime.cpp, line 366]
Event: 17.188 Thread 0x00000000173ba000 Exception <a 'java/lang/ClassNotFoundException': org/springframework/web/servlet/ViewCustomizer> (0x00000000e028def8) thrown at [D:\re\workspace\8-2-build-windows-amd64-cygwin\jdk8u92\6642\hotspot\src\share\vm\classfile\systemDictionary.cpp, line 210]
Event: 17.189 Thread 0x00000000173ba000 Exception <a 'java/lang/ArrayIndexOutOfBoundsException': 118> (0x00000000e0290110) thrown at [D:\re\workspace\8-2-build-windows-amd64-cygwin\jdk8u92\6642\hotspot\src\share\vm\interpreter\interpreterRuntime.cpp, line 366]
Event: 17.191 Thread 0x00000000173ba000 Exception <a 'java/lang/ClassNotFoundException': org/springframework/beans/factory/BeanNameAwareCustomizer> (0x00000000e02a0e88) thrown at [D:\re\workspace\8-2-build-windows-amd64-cygwin\jdk8u92\6642\hotspot\src\share\vm\classfile\systemDictionary.cpp, lin:Œ3™È11@
Event: 17.194 Thread 0x00000000173ba000 Exception <a 'java/lang/ClassNotFoundException': org/springframework/web/context/ServletContextAwareCustomizer> (0x00000000e02b2230) thrown at [D:\re\workspace\8-2-build-windows-amd64-cygwin\jdk8u92\6642\hotspot\src\share\vm\classfile\systemDictionary.cpp,'æk™£21@
Event: 17.198 Thread 0x00000000173ba000 Exception <a 'java/lang/ClassNotFoundException': org/springframework/context/ApplicationContextAwareCustomizer> (0x00000000e02c3630) thrown at [D:\re\workspace\8-2-build-windows-amd64-cygwin\jdk8u92\6642\hotspot\src\share\vm\classfile\systemDictionary.cpp,
Event: 17.971 Thread 0x00000000173bb800 Exception <a 'java/io/FileNotFoundException'> (0x00000000e1317690) thrown at [D:\re\workspace\8-2-build-windows-amd64-cygwin\jdk8u92\6642\hotspot\src\share\vm\prims\jni.cpp, line 709]
Event: 17.971 Thread 0x00000000173bb800 Exception <a 'java/io/FileNotFoundException'> (0x00000000e1318288) thrown at [D:\re\workspace\8-2-build-windows-amd64-cygwin\jdk8u92\6642\hotspot\src\share\vm\prims\jni.cpp, line 709]
Event: 32.273 Thread 0x00000000173be000 Exception <a 'java/lang/ArrayIndexOutOfBoundsException': 101> (0x00000000e16d7df0) thrown at [D:\re\workspace\8-2-build-windows-amd64-cygwin\jdk8u92\6642\hotspot\src\share\vm\interpreter\interpreterRuntime.cpp, line 366]

Events (10 events):
Event: 104.647 Thread 0x00000000173b3800 flushing nmethod 0x0000000002a587d0
Event: 104.647 Thread 0x00000000173b3800 flushing nmethod 0x0000000002a67950
Event: 104.647 Thread 0x00000000173b3800 flushing nmethod 0x0000000002a75d90
Event: 104.648 Thread 0x00000000173b3800 flushing nmethod 0x0000000002ad2f90
Event: 104.648 Thread 0x00000000173b3800 flushing nmethod 0x0000000002add150
Event: 104.648 Thread 0x00000000173b3800 flushing nmethod 0x0000000002b76950
Event: 104.648 Thread 0x00000000173b3800 flushing nmethod 0x0000000002bd7010
Event: 127.654 Thread 0x00000000173b3800 flushing nmethod 0x0000000002ca89d0
Event: 129.303 Executing VM operation: RedefineClasses
Event: 129.351 Executing VM operation: RedefineClasses done


Dynamic libraries:
0x000000013f590000 - 0x000000013f5c7000 	C:\Java\jdk1.8.0_92\bin\javaw.exe
0x00000000775f0000 - 0x000000007779a000 	C:\Windows\SYSTEM32\ntdll.dll
0x00000000773d0000 - 0x00000000774ef000 	C:\Windows\system32\kernel32.dll
0x000007fefd350000 - 0x000007fefd3ba000 	C:\Windows\system32\KERNELBASE.dll
0x000007fefda50000 - 0x000007fefdb2b000 	C:\Windows\system32\ADVAPI32.dll
0x000007feff270000 - 0x000007feff30f000 	C:\Windows\system32\msvcrt.dll
0x000007fefdc40000 - 0x000007fefdc5f000 	C:\Windows\SYSTEM32\sechost.dll
0x000007fefe050000 - 0x000007fefe17d000 	C:\Windows\system32\RPCRT4.dll
0x00000000774f0000 - 0x00000000775ea000 	C:\Windows\system32\USER32.dll
0x000007fefdb40000 - 0x000007fefdba7000 	C:\Windows\system32\GDI32.dll
0x000007fefdb30000 - 0x000007fefdb3e000 	C:\Windows\system32\LPK.dll
0x000007feff4a0000 - 0x000007feff56a000 	C:\Windows\system32\USP10.dll
0x000007fefacf0000 - 0x000007fefaee4000 	C:\Windows\WinSxS\amd64_microsoft.windows.common-controls_6595b64144ccf1df_6.0.7601.18837_none_fa3b1e3d17594757\COMCTL32.dll
0x000007fefd7f0000 - 0x000007fefd861000 	C:\Windows\system32\SHLWAPI.dll
0x000007fefdd40000 - 0x000007fefdd6e000 	C:\Windows\system32\IMM32.DLL
0x000007fefd6e0000 - 0x000007fefd7e9000 	C:\Windows\system32\MSCTF.dll
0x0000000069280000 - 0x0000000069352000 	C:\Java\jdk1.8.0_92\jre\bin\msvcr100.dll
0x0000000053dc0000 - 0x0000000054656000 	C:\Java\jdk1.8.0_92\jre\bin\server\jvm.dll
0x000007fef9830000 - 0x000007fef9839000 	C:\Windows\system32\WSOCK32.dll
0x000007fefef70000 - 0x000007fefefbd000 	C:\Windows\system32\WS2_32.dll
0x000007fefdbb0000 - 0x000007fefdbb8000 	C:\Windows\system32\NSI.dll
0x000007fef9ba0000 - 0x000007fef9bdb000 	C:\Windows\system32\WINMM.dll
0x000007fefc3a0000 - 0x000007fefc3ac000 	C:\Windows\system32\VERSION.dll
0x00000000777c0000 - 0x00000000777c7000 	C:\Windows\system32\PSAPI.DLL
0x00000000714c0000 - 0x00000000714cf000 	C:\Java\jdk1.8.0_92\jre\bin\verify.dll
0x000000006b990000 - 0x000000006b9b9000 	C:\Java\jdk1.8.0_92\jre\bin\java.dll
0x000000006b640000 - 0x000000006b675000 	C:\Java\jdk1.8.0_92\jre\bin\jdwp.dll
0x0000000070890000 - 0x0000000070898000 	C:\Java\jdk1.8.0_92\jre\bin\npt.dll
0x000000006b9d0000 - 0x000000006b9e6000 	C:\Java\jdk1.8.0_92\jre\bin\zip.dll
0x000007fefe1e0000 - 0x000007fefef69000 	C:\Windows\system32\SHELL32.dll
0x000007feff060000 - 0x000007feff263000 	C:\Windows\system32\ole32.dll
0x000007fefd320000 - 0x000007fefd32f000 	C:\Windows\system32\profapi.dll
0x000000006d430000 - 0x000000006d439000 	C:\Java\jdk1.8.0_92\jre\bin\dt_socket.dll
0x000007fefbcd0000 - 0x000007fefbce5000 	C:\Windows\system32\NLAapi.dll
0x000007fefa250000 - 0x000007fefa265000 	C:\Windows\system32\napinsp.dll
0x000007fefa230000 - 0x000007fefa249000 	C:\Windows\system32\pnrpnsp.dll
0x000007fefcb00000 - 0x000007fefcb55000 	C:\Windows\System32\mswsock.dll
0x000007fefc980000 - 0x000007fefc9db000 	C:\Windows\system32\DNSAPI.dll
0x000007fefa2e0000 - 0x000007fefa2eb000 	C:\Windows\System32\winrnr.dll
0x000007fef8450000 - 0x000007fef847e000 	C:\Program Files\Common Files\Microsoft Shared\Windows Live\WLIDNSP.DLL
0x000007fefa290000 - 0x000007fefa2a0000 	C:\Windows\system32\wshbth.dll
0x0000000070660000 - 0x0000000070686000 	C:\Program Files\Bonjour\mdnsNSP.dll
0x000007fefbb10000 - 0x000007fefbb37000 	C:\Windows\system32\Iphlpapi.DLL
0x000007fefbaf0000 - 0x000007fefbafb000 	C:\Windows\system32\WINNSI.DLL
0x000007fefb9a0000 - 0x000007fefb9f3000 	C:\Windows\System32\fwpuclnt.dll
0x000007fef8440000 - 0x000007fef8448000 	C:\Windows\system32\rasadhlp.dll
0x000007fefc470000 - 0x000007fefc477000 	C:\Windows\System32\wshtcpip.dll
0x000000006d420000 - 0x000000006d42d000 	C:\Java\jdk1.8.0_92\jre\bin\management.dll
0x000000006b970000 - 0x000000006b98a000 	C:\Java\jdk1.8.0_92\jre\bin\net.dll
0x000007fefcaf0000 - 0x000007fefcaf7000 	C:\Windows\System32\wship6.dll
0x000000006b6f0000 - 0x000000006b701000 	C:\Java\jdk1.8.0_92\jre\bin\nio.dll
0x000007fefcb60000 - 0x000007fefcb78000 	C:\Windows\system32\CRYPTSP.dll
0x000007fefc860000 - 0x000007fefc8a7000 	C:\Windows\system32\rsaenh.dll
0x000007fefd6c0000 - 0x000007fefd6de000 	C:\Windows\system32\USERENV.dll
0x000007fefd1c0000 - 0x000007fefd1cf000 	C:\Windows\system32\CRYPTBASE.dll
0x000007fefb900000 - 0x000007fefb918000 	C:\Windows\system32\dhcpcsvc.DLL
0x000007fefb8e0000 - 0x000007fefb8f1000 	C:\Windows\system32\dhcpcsvc6.DLL
0x000007fef19e0000 - 0x000007fef1b05000 	C:\Windows\system32\dbghelp.dll

VM Arguments:
jvm_args: -agentlib:jdwp=transport=dt_socket,suspend=y,address=localhost:4196 -Dcom.sun.management.jmxremote -Dcom.sun.management.jmxremote.port=4195 -Dcom.sun.management.jmxremote.authenticate=false -Dcom.sun.management.jmxremote.ssl=false -Djava.rmi.server.hostname=localhost -Dspring.liveBeansView.mbeanDomain -Dspring.application.admin.enabled=true -Dfile.encoding=UTF-8 -Xbootclasspath:C:\Java\jre1.8.0_92\lib\resources.jar;C:\Java\jre1.8.0_92\lib\rt.jar;C:\Java\jre1.8.0_92\lib\jsse.jar;C:\Java\jre1.8.0_92\lib\jce.jar;C:\Java\jre1.8.0_92\lib\charsets.jar;C:\Java\jre1.8.0_92\lib\jfr.jar;C:\Java\jre1.8.0_92\lib\ext\access-bridge-64.jar;C:\Java\jre1.8.0_92\lib\ext\cldrdata.jar;C:\Java\jre1.8.0_92\lib\ext\dnsns.jar;C:\Java\jre1.8.0_92\lib\ext\dns_sd.jar;C:\Java\jre1.8.0_92\lib\ext\jaccess.jar;C:\Java\jre1.8.0_92\lib\ext\jfxrt.jar;C:\Java\jre1.8.0_92\lib\ext\localedata.jar;C:\Java\jre1.8.0_92\lib\ext\nashorn.jar;C:\Java\jre1.8.0_92\lib\ext\sunec.jar;C:\Java\jre1.8.0_92\lib\ext\sunjce_provider.jar;C:\Java\jre1.8.0_92\lib\ext\sunmscapi.jar;C:\Java\jre1.8.0_92\lib\ext\sunpkcs11.jar;C:\Java\jre1.8.0_92\lib\ext\zipfs.jar 
java_command: hello.Application
java_class_path (initial): D:\Tools\spingboot\gs-uploading-files\complete\target\classes;D:\Tools\spingboot\gs-uploading-files\complete\.mvn\wrapper\maven-wrapper.jar;D:\Tools\spingboot\gs-uploading-files\complete\gradle\wrapper\gradle-wrapper.jar;D:\Tools\spingboot\gs-uploading-files\complete\target\gs-uploading-files-0.1.0.jar;C:\Users\India\.m2\repository\org\springframework\boot\spring-boot-starter-web\1.5.2.RELEASE\spring-boot-starter-web-1.5.2.RELEASE.jar;C:\Users\India\.m2\repository\org\springframework\boot\spring-boot-starter-thymeleaf\1.5.2.RELEASE\spring-boot-starter-thymeleaf-1.5.2.RELEASE.jar;C:\Users\India\.m2\repository\org\springframework\boot\spring-boot-starter\1.5.2.RELEASE\spring-boot-starter-1.5.2.RELEASE.jar;C:\Users\India\.m2\repository\org\springframework\boot\spring-boot\1.5.2.RELEASE\spring-boot-1.5.2.RELEASE.jar;C:\Users\India\.m2\repository\org\springframework\spring-context\4.3.7.RELEASE\spring-context-4.3.7.RELEASE.jar;C:\Users\India\.m2\repository\org\springframework\boot\spring-boot-autoconfigure\1.5.2.RELEASE\spring-boot-autoconfigure-1.5.2.RELEASE.jar;C:\Users\India\.m2\repository\org\springframework\boot\spring-boot-starter-logging\1.5.2.RELEASE\spring-boot-starter-logging-1.5.2.RELEASE.jar;C:\Users\India\.m2\repository\ch\qos\logback\logback-classic\1.1.11\logback-classic-1.1.11.jar;C:\Users\India\.m2\repository\ch\qos\logback\logback-core\1.1.11\logback-core-1.1.11.jar;C:\Users\India\.m2\repository\org\slf4j\jcl-over-slf4j\1.7.24\jcl-over-slf4j-1.7.24.jar;C:\Users\India\.m2\repository\org\slf4j\jul-to-slf4j\1.7.24\jul-to-slf4j-1.7.24.jar;C:\Users\India\.m2\repository\org\slf4j\log4j-over-slf4j\1.7.24\log4j-over-slf4j-1.7.24.jar;C:\Users\India\.m2\repository\org\yaml\snakeyaml\1.17\snakeyaml-1.17.jar;C:\Users\India\.m2\repository\org\springframework\boot\spring-boot-starter-tomcat\1.5.2.RELEASE\spring-boot-starter-tomcat-1.5.2.RELEASE.jar;C:\Users\India\.m2\repository\org\apache\tomcat\embed\tomcat-embed-core\8.5.11\tomcat-embed
Launcher Type: SUN_STANDARD

Environment Variables:
JAVA_HOME=C:\Java\jdk1.8.0_92
PATH=C:\Java\jdk1.8.0_92\jre\bin;C:/Java/jre1.8.0_92/bin/server;C:/Java/jre1.8.0_92/bin;C:/Java/jre1.8.0_92/lib/amd64;C:\ProgramData\Oracle\Java\javapath;C:\Program Files\Common Files\Microsoft Shared\Windows Live;C:\Program Files (x86)\Common Files\Microsoft Shared\Windows Live;C:\Program Files (x86)\NVIDIA Corporation\PhysX\Common;C:\Windows\system32;C:\Windows;C:\Windows\System32\Wbem;C:\Windows\System32\WindowsPowerShell\v1.0\;C:\Program Files (x86)\Sony\VAIO Startup Setting Tool;C:\Program Files\Trend Micro\AMSP;C:\Program Files (x86)\Windows Live\Shared;D:\Tools\apache-maven-3.5.0\bin;C:\Java\jdk1.8.0_92\bin;C:\Program Files (x86)\Skype\Phone\;C:\Program Files (x86)\Brackets\command;C:\Program Files\nodejs\;D:\Tools\ant\apache-ant-1.9.7\bin;C:\Users\India\AppData\Local\GitHub\PortableGit_284a859b0e6deba86edc624fef1e4db2aa8241a9\cmd;C:\Users\India\AppData\Roaming\npm;C:\Program Files (x86)\Microsoft VS Code\bin;C:\Program Files (x86)\GnuWin32\bin;C:\Users\India\Desktop;
USERNAME=India
OS=Windows_NT
PROCESSOR_IDENTIFIER=Intel64 Family 6 Model 42 Stepping 7, GenuineIntel



---------------  S Y S T E M  ---------------

OS: Windows 7 , 64 bit Build 7601 (6.1.7601.23543)

CPU:total 4 (2 cores per cpu, 2 threads per core) family 6 model 42 stepping 7, cmov, cx8, fxsr, mmx, sse, sse2, sse3, ssse3, sse4.1, sse4.2, popcnt, avx, clmul, ht, tsc, tscinvbit

Memory: 4k page, physical 6272880k(1417484k free), swap 12543900k(7049252k free)

vm_info: Java HotSpot(TM) 64-Bit Server VM (25.92-b14) for windows-amd64 JRE (1.8.0_92-b14), built on Mar 31 2016 21:03:04 by "java_re" with MS VC++ 10.0 (VS2010)

time: Fri Apr 14 17:57:46 2017
elapsed time: 129 seconds (0d 0h 2m 9s)

